Using pre-set license
Built from '2021.3/staging' branch; Version is '2021.3.26f1 (a16dc32e0ff2) revision 10579395'; Using compiler version '192829333'; Build Type 'Release'
OS: 'Windows 11  (10.0.22621) 64bit Core' Language: 'ko' Physical Memory: 16049 MB
BatchMode: 1, IsHumanControllingUs: 0, StartBugReporterOnCrash: 0, Is64bit: 1, IsPro: 1

COMMAND LINE ARGUMENTS:
C:\Program Files\Unity\Hub\Editor\2021.3.26f1\Editor\Unity.exe
-adb2
-batchMode
-noUpm
-name
AssetImportWorker0
-projectPath
D:/UnityProjects/MyHome
-logFile
Logs/AssetImportWorker0.log
-srvPort
55534
Successfully changed project path to: D:/UnityProjects/MyHome
D:/UnityProjects/MyHome
[UnityMemory] Configuration Parameters - Can be set up in boot.config
    "memorysetup-bucket-allocator-granularity=16"
    "memorysetup-bucket-allocator-bucket-count=8"
    "memorysetup-bucket-allocator-block-size=33554432"
    "memorysetup-bucket-allocator-block-count=8"
    "memorysetup-main-allocator-block-size=16777216"
    "memorysetup-thread-allocator-block-size=16777216"
    "memorysetup-gfx-main-allocator-block-size=16777216"
    "memorysetup-gfx-thread-allocator-block-size=16777216"
    "memorysetup-cache-allocator-block-size=4194304"
    "memorysetup-typetree-allocator-block-size=2097152"
    "memorysetup-profiler-bucket-allocator-granularity=16"
    "memorysetup-profiler-bucket-allocator-bucket-count=8"
    "memorysetup-profiler-bucket-allocator-block-size=33554432"
    "memorysetup-profiler-bucket-allocator-block-count=8"
    "memorysetup-profiler-allocator-block-size=16777216"
    "memorysetup-profiler-editor-allocator-block-size=1048576"
    "memorysetup-temp-allocator-size-main=16777216"
    "memorysetup-job-temp-allocator-block-size=2097152"
    "memorysetup-job-temp-allocator-block-size-background=1048576"
    "memorysetup-job-temp-allocator-reduction-small-platforms=262144"
    "memorysetup-temp-allocator-size-background-worker=32768"
    "memorysetup-temp-allocator-size-job-worker=262144"
    "memorysetup-temp-allocator-size-preload-manager=33554432"
    "memorysetup-temp-allocator-size-nav-mesh-worker=65536"
    "memorysetup-temp-allocator-size-audio-worker=65536"
    "memorysetup-temp-allocator-size-cloud-worker=32768"
    "memorysetup-temp-allocator-size-gi-baking-worker=262144"
    "memorysetup-temp-allocator-size-gfx=262144"
Player connection [21288] Host "[IP] 192.168.0.12 [Port] 0 [Flags] 2 [Guid] 2185220601 [EditorId] 2185220601 [Version] 1048832 [Id] WindowsEditor(7,DESKTOP-G4U9APQ) [Debug] 1 [PackageName] WindowsEditor [ProjectName] Editor" joined multi-casting on [225.0.0.222:54997]...

Player connection [21288] Host "[IP] 192.168.0.12 [Port] 0 [Flags] 2 [Guid] 2185220601 [EditorId] 2185220601 [Version] 1048832 [Id] WindowsEditor(7,DESKTOP-G4U9APQ) [Debug] 1 [PackageName] WindowsEditor [ProjectName] Editor" joined alternative multi-casting on [225.0.0.222:34997]...

Refreshing native plugins compatible for Editor in 45.74 ms, found 3 plugins.
Preloading 0 native plugins for Editor in 0.00 ms.
Initialize engine version: 2021.3.26f1 (a16dc32e0ff2)
[Subsystems] Discovering subsystems at path C:/Program Files/Unity/Hub/Editor/2021.3.26f1/Editor/Data/Resources/UnitySubsystems
[Subsystems] Discovering subsystems at path D:/UnityProjects/MyHome/Assets
GfxDevice: creating device client; threaded=0; jobified=0
Direct3D:
    Version:  Direct3D 11.0 [level 11.1]
    Renderer: NVIDIA GeForce RTX 3060 Laptop GPU (ID=0x2520)
    Vendor:   NVIDIA
    VRAM:     6023 MB
    Driver:   30.0.15.1278
Initialize mono
Mono path[0] = 'C:/Program Files/Unity/Hub/Editor/2021.3.26f1/Editor/Data/Managed'
Mono path[1] = 'C:/Program Files/Unity/Hub/Editor/2021.3.26f1/Editor/Data/MonoBleedingEdge/lib/mono/unityjit-win32'
Mono config path = 'C:/Program Files/Unity/Hub/Editor/2021.3.26f1/Editor/Data/MonoBleedingEdge/etc'
Using monoOptions --debugger-agent=transport=dt_socket,embedding=1,server=y,suspend=n,address=127.0.0.1:56304
Begin MonoManager ReloadAssembly
Registering precompiled unity dll's ...
Register platform support module: C:/Program Files/Unity/Hub/Editor/2021.3.26f1/Editor/Data/PlaybackEngines/WebGLSupport/UnityEditor.WebGL.Extensions.dll
Register platform support module: C:/Program Files/Unity/Hub/Editor/2021.3.26f1/Editor/Data/PlaybackEngines/WindowsStandaloneSupport/UnityEditor.WindowsStandalone.Extensions.dll
Registered in 0.003113 seconds.
Native extension for WindowsStandalone target not found
Native extension for WebGL target not found
Refreshing native plugins compatible for Editor in 43.56 ms, found 3 plugins.
Preloading 0 native plugins for Editor in 0.00 ms.
Mono: successfully reloaded assembly
- Completed reload, in  0.428 seconds
Domain Reload Profiling:
	ReloadAssembly (429ms)
		BeginReloadAssembly (58ms)
			ExecutionOrderSort (0ms)
			DisableScriptedObjects (0ms)
			BackupInstance (0ms)
			ReleaseScriptingObjects (0ms)
			CreateAndSetChildDomain (1ms)
		EndReloadAssembly (302ms)
			LoadAssemblies (57ms)
			RebuildTransferFunctionScriptingTraits (0ms)
			SetupTypeCache (74ms)
			ReleaseScriptCaches (0ms)
			RebuildScriptCaches (21ms)
			SetupLoadedEditorAssemblies (172ms)
				LogAssemblyErrors (0ms)
				InitializePlatformSupportModulesInManaged (7ms)
				SetLoadedEditorAssemblies (0ms)
				RefreshPlugins (44ms)
				BeforeProcessingInitializeOnLoad (1ms)
				ProcessInitializeOnLoadAttributes (89ms)
				ProcessInitializeOnLoadMethodAttributes (32ms)
				AfterProcessingInitializeOnLoad (0ms)
				EditorAssembliesLoaded (0ms)
			ExecutionOrderSort2 (0ms)
			AwakeInstancesAfterBackupRestoration (0ms)
Platform modules already initialized, skipping
Registering precompiled user dll's ...
Registered in 0.001754 seconds.
Begin MonoManager ReloadAssembly
Symbol file LoadedFromMemory doesn't match image D:\UnityProjects\MyHome\Library\PackageCache\com.unity.visualscripting@1.8.0\Editor\VisualScripting.Core\Dependencies\YamlDotNet\Unity.VisualScripting.YamlDotNet.dll
Symbol file LoadedFromMemory doesn't match image D:\UnityProjects\MyHome\Library\PackageCache\com.unity.visualscripting@1.8.0\Editor\VisualScripting.Core\Dependencies\DotNetZip\Unity.VisualScripting.IonicZip.dll
Native extension for WindowsStandalone target not found
Native extension for WebGL target not found
Refreshing native plugins compatible for Editor in 0.37 ms, found 3 plugins.
Preloading 0 native plugins for Editor in 0.00 ms.
Mono: successfully reloaded assembly
- Completed reload, in  0.671 seconds
Domain Reload Profiling:
	ReloadAssembly (672ms)
		BeginReloadAssembly (85ms)
			ExecutionOrderSort (0ms)
			DisableScriptedObjects (4ms)
			BackupInstance (0ms)
			ReleaseScriptingObjects (0ms)
			CreateAndSetChildDomain (15ms)
		EndReloadAssembly (516ms)
			LoadAssemblies (60ms)
			RebuildTransferFunctionScriptingTraits (0ms)
			SetupTypeCache (175ms)
			ReleaseScriptCaches (0ms)
			RebuildScriptCaches (36ms)
			SetupLoadedEditorAssemblies (225ms)
				LogAssemblyErrors (0ms)
				InitializePlatformSupportModulesInManaged (4ms)
				SetLoadedEditorAssemblies (0ms)
				RefreshPlugins (0ms)
				BeforeProcessingInitializeOnLoad (46ms)
				ProcessInitializeOnLoadAttributes (156ms)
				ProcessInitializeOnLoadMethodAttributes (14ms)
				AfterProcessingInitializeOnLoad (4ms)
				EditorAssembliesLoaded (0ms)
			ExecutionOrderSort2 (0ms)
			AwakeInstancesAfterBackupRestoration (4ms)
Platform modules already initialized, skipping
========================================================================
Worker process is ready to serve import requests
Launched and connected shader compiler UnityShaderCompiler.exe after 0.04 seconds
Refreshing native plugins compatible for Editor in 0.31 ms, found 3 plugins.
Preloading 0 native plugins for Editor in 0.00 ms.
Unloading 3051 Unused Serialized files (Serialized files now loaded: 0)
Unloading 22 unused Assets / (56.1 KB). Loaded Objects now: 3513.
Memory consumption went from 107.6 MB to 107.5 MB.
Total: 2.497600 ms (FindLiveObjects: 0.179300 ms CreateObjectMapping: 0.081700 ms MarkObjects: 2.182700 ms  DeleteObjects: 0.053100 ms)

AssetImportParameters requested are different than current active one (requested -> active):
  custom:video-decoder-ogg-theora: a1e56fd34408186e4bbccfd4996cb3dc -> 
  custom:container-muxer-webm: aa71ff27fc2769a1b78a27578f13a17b -> 
  custom:container-demuxer-webm: 4f35f7cbe854078d1ac9338744f61a02 -> 
  custom:video-encoder-webm-vp8: eb34c28f22e8b96e1ab97ce403110664 -> 
  custom:audio-encoder-webm-vorbis: bf7c407c2cedff20999df2af8eb42d56 -> 
  custom:framework-win-MediaFoundation: 216162199b28c13a410421893ffa2e32 -> 
  custom:container-demuxer-ogg: 62fdf1f143b41e24485cea50d1cbac27 -> 
  custom:video-decoder-webm-vp8: 9c59270c3fd7afecdb556c50c9e8de78 -> 
  custom:audio-decoder-ogg-vorbis: bf7c407c2cedff20999df2af8eb42d56 -> 
========================================================================
Received Import Request.
  Time since last request: 2788.967340 seconds.
  path: Assets/Scenes
  artifactKey: Guid(aec96ac5bc770ad4190597c488e56ac5) Importer(815301076,1909f56bfc062723c751e8b465ee728b)
Start importing Assets/Scenes using Guid(aec96ac5bc770ad4190597c488e56ac5) Importer(815301076,1909f56bfc062723c751e8b465ee728b)  -> (artifact id: 'b974d434370ec6fa6d5d0198ba6df4d8') in 0.007661 seconds 
========================================================================
Received Import Request.
  Time since last request: 1.181008 seconds.
  path: Assets
  artifactKey: Guid(00000000000000001000000000000000) Importer(815301076,1909f56bfc062723c751e8b465ee728b)
Start importing Assets using Guid(00000000000000001000000000000000) Importer(815301076,1909f56bfc062723c751e8b465ee728b)  -> (artifact id: '79842766b460edbeab6a34051e857a80') in 0.011392 seconds 
========================================================================
Received Prepare
Registering precompiled user dll's ...
Registered in 0.001734 seconds.
Begin MonoManager ReloadAssembly
Symbol file LoadedFromMemory doesn't match image D:\UnityProjects\MyHome\Library\PackageCache\com.unity.visualscripting@1.8.0\Editor\VisualScripting.Core\Dependencies\YamlDotNet\Unity.VisualScripting.YamlDotNet.dll
Symbol file LoadedFromMemory doesn't match image D:\UnityProjects\MyHome\Library\PackageCache\com.unity.visualscripting@1.8.0\Editor\VisualScripting.Core\Dependencies\DotNetZip\Unity.VisualScripting.IonicZip.dll
Native extension for WindowsStandalone target not found
Native extension for WebGL target not found
Refreshing native plugins compatible for Editor in 0.37 ms, found 3 plugins.
Preloading 0 native plugins for Editor in 0.00 ms.
Mono: successfully reloaded assembly
- Completed reload, in  0.695 seconds
Domain Reload Profiling:
	ReloadAssembly (695ms)
		BeginReloadAssembly (103ms)
			ExecutionOrderSort (0ms)
			DisableScriptedObjects (4ms)
			BackupInstance (0ms)
			ReleaseScriptingObjects (0ms)
			CreateAndSetChildDomain (26ms)
		EndReloadAssembly (530ms)
			LoadAssemblies (60ms)
			RebuildTransferFunctionScriptingTraits (0ms)
			SetupTypeCache (180ms)
			ReleaseScriptCaches (1ms)
			RebuildScriptCaches (31ms)
			SetupLoadedEditorAssemblies (225ms)
				LogAssemblyErrors (0ms)
				InitializePlatformSupportModulesInManaged (5ms)
				SetLoadedEditorAssemblies (0ms)
				RefreshPlugins (0ms)
				BeforeProcessingInitializeOnLoad (41ms)
				ProcessInitializeOnLoadAttributes (158ms)
				ProcessInitializeOnLoadMethodAttributes (16ms)
				AfterProcessingInitializeOnLoad (4ms)
				EditorAssembliesLoaded (0ms)
			ExecutionOrderSort2 (0ms)
			AwakeInstancesAfterBackupRestoration (5ms)
Platform modules already initialized, skipping
Refreshing native plugins compatible for Editor in 0.89 ms, found 3 plugins.
Preloading 0 native plugins for Editor in 0.00 ms.
Unloading 3044 Unused Serialized files (Serialized files now loaded: 0)
Unloading 15 unused Assets / (24.7 KB). Loaded Objects now: 3516.
Memory consumption went from 107.3 MB to 107.3 MB.
Total: 2.045800 ms (FindLiveObjects: 0.158300 ms CreateObjectMapping: 0.071300 ms MarkObjects: 1.799500 ms  DeleteObjects: 0.015900 ms)

AssetImportParameters requested are different than current active one (requested -> active):
  custom:video-decoder-ogg-theora: a1e56fd34408186e4bbccfd4996cb3dc -> 
  custom:container-muxer-webm: aa71ff27fc2769a1b78a27578f13a17b -> 
  custom:container-demuxer-webm: 4f35f7cbe854078d1ac9338744f61a02 -> 
  custom:video-encoder-webm-vp8: eb34c28f22e8b96e1ab97ce403110664 -> 
  custom:audio-encoder-webm-vorbis: bf7c407c2cedff20999df2af8eb42d56 -> 
  custom:framework-win-MediaFoundation: 216162199b28c13a410421893ffa2e32 -> 
  custom:container-demuxer-ogg: 62fdf1f143b41e24485cea50d1cbac27 -> 
  custom:video-decoder-webm-vp8: 9c59270c3fd7afecdb556c50c9e8de78 -> 
  custom:audio-decoder-ogg-vorbis: bf7c407c2cedff20999df2af8eb42d56 -> 
========================================================================
Received Import Request.
  Time since last request: 972.322235 seconds.
  path: Assets/istockphoto-1408772675-612x612.jpg
  artifactKey: Guid(e387f1c976402fe4b85d4c552305b449) Importer(815301076,1909f56bfc062723c751e8b465ee728b)
Start importing Assets/istockphoto-1408772675-612x612.jpg using Guid(e387f1c976402fe4b85d4c552305b449) Importer(815301076,1909f56bfc062723c751e8b465ee728b)  -> (artifact id: '94493a9d2c7ed18d88b5599efed2e71e') in 0.104977 seconds 
========================================================================
Received Import Request.
  Time since last request: 215.840064 seconds.
  path: Assets/360_F_105126194_jImY2P9K8HylrQIX4OK9MpAOHELv2cIc.jpg
  artifactKey: Guid(9eea507bf7514864fb83aafc757cd577) Importer(815301076,1909f56bfc062723c751e8b465ee728b)
Start importing Assets/360_F_105126194_jImY2P9K8HylrQIX4OK9MpAOHELv2cIc.jpg using Guid(9eea507bf7514864fb83aafc757cd577) Importer(815301076,1909f56bfc062723c751e8b465ee728b)  -> (artifact id: '1792e676ef768d14dd273c2a530a0266') in 0.015532 seconds 
========================================================================
Received Import Request.
  Time since last request: 7.871414 seconds.
  path: Assets/Window.jpg
  artifactKey: Guid(9eea507bf7514864fb83aafc757cd577) Importer(815301076,1909f56bfc062723c751e8b465ee728b)
Start importing Assets/Window.jpg using Guid(9eea507bf7514864fb83aafc757cd577) Importer(815301076,1909f56bfc062723c751e8b465ee728b)  -> (artifact id: '81f8b44ec44bf13bfbf2feefffefa73c') in 0.011871 seconds 
========================================================================
Received Import Request.
  Time since last request: 284.190875 seconds.
  path: Assets/png-clipart-black-metal-headboard-balcony-metal-handrail-wrought-iron-aluminium-iron-fence-electronics-furniture.png
  artifactKey: Guid(cdeffdf8066f0284bad2626f436d8932) Importer(815301076,1909f56bfc062723c751e8b465ee728b)
Start importing Assets/png-clipart-black-metal-headboard-balcony-metal-handrail-wrought-iron-aluminium-iron-fence-electronics-furniture.png using Guid(cdeffdf8066f0284bad2626f436d8932) Importer(815301076,1909f56bfc062723c751e8b465ee728b)  -> (artifact id: '5a19956b377b6c85f0b9f02d36b8b941') in 0.016905 seconds 
========================================================================
Received Import Request.
  Time since last request: 3.062509 seconds.
  path: Assets/balcony.png
  artifactKey: Guid(cdeffdf8066f0284bad2626f436d8932) Importer(815301076,1909f56bfc062723c751e8b465ee728b)
Start importing Assets/balcony.png using Guid(cdeffdf8066f0284bad2626f436d8932) Importer(815301076,1909f56bfc062723c751e8b465ee728b)  -> (artifact id: 'e17d1775ea90f70f4e7e34c7e30dbbca') in 0.014966 seconds 
========================================================================
Received Import Request.
  Time since last request: 277.587811 seconds.
  path: Assets/StudioBillion/House Interior
  artifactKey: Guid(6438b0e9b820cf84a9ecf873f382f323) Importer(815301076,1909f56bfc062723c751e8b465ee728b)
Start importing Assets/StudioBillion/House Interior using Guid(6438b0e9b820cf84a9ecf873f382f323) Importer(815301076,1909f56bfc062723c751e8b465ee728b)  -> (artifact id: '84ef549507d66c7efd02fe25aaf1e195') in 0.010077 seconds 
========================================================================
Received Import Request.
  Time since last request: 0.649479 seconds.
  path: Assets/StudioBillion/House Interior/Materials
  artifactKey: Guid(02554b787a77df44ea1075803fddd694) Importer(815301076,1909f56bfc062723c751e8b465ee728b)
Start importing Assets/StudioBillion/House Interior/Materials using Guid(02554b787a77df44ea1075803fddd694) Importer(815301076,1909f56bfc062723c751e8b465ee728b)  -> (artifact id: '6266a5f54a3c157cd2765010aa1e442c') in 0.009192 seconds 
========================================================================
Received Import Request.
  Time since last request: 2.751885 seconds.
  path: Assets/StudioBillion/House Interior/Models/House.fbx
  artifactKey: Guid(02ad78cca7f19f843b49a2e580791919) Importer(815301076,1909f56bfc062723c751e8b465ee728b)
Start importing Assets/StudioBillion/House Interior/Models/House.fbx using Guid(02ad78cca7f19f843b49a2e580791919) Importer(815301076,1909f56bfc062723c751e8b465ee728b)  -> (artifact id: 'a6134a30a916d057039f6a90030dd06b') in 0.584178 seconds 
========================================================================
Received Import Request.
  Time since last request: 5.808495 seconds.
  path: Assets/StudioBillion/House Interior/Scenes/House Interior.unity
  artifactKey: Guid(261548a5f5662c441ab881817b638867) Importer(815301076,1909f56bfc062723c751e8b465ee728b)
Start importing Assets/StudioBillion/House Interior/Scenes/House Interior.unity using Guid(261548a5f5662c441ab881817b638867) Importer(815301076,1909f56bfc062723c751e8b465ee728b)  -> (artifact id: '4f74119ea3ee6f09d0325a8f29434e44') in 0.009747 seconds 
========================================================================
Received Import Request.
  Time since last request: 748.398937 seconds.
  path: Assets/StudioBillion/House Interior/Prefabs/Arcade.prefab
  artifactKey: Guid(5dc265e918ffd904bae64f120ae40df5) Importer(815301076,1909f56bfc062723c751e8b465ee728b)
Start importing Assets/StudioBillion/House Interior/Prefabs/Arcade.prefab using Guid(5dc265e918ffd904bae64f120ae40df5) Importer(815301076,1909f56bfc062723c751e8b465ee728b)  -> (artifact id: '0a638c54ac240a40bf9eda324101eb15') in 0.027229 seconds 
========================================================================
Received Import Request.
  Time since last request: 0.817468 seconds.
  path: Assets/StudioBillion/House Interior/Prefabs/Armchair.prefab
  artifactKey: Guid(d89225c174a3955439a93e85a798211e) Importer(815301076,1909f56bfc062723c751e8b465ee728b)
Start importing Assets/StudioBillion/House Interior/Prefabs/Armchair.prefab using Guid(d89225c174a3955439a93e85a798211e) Importer(815301076,1909f56bfc062723c751e8b465ee728b)  -> (artifact id: 'b38f30aa5a0986a6d7b925214cbc152b') in 0.014565 seconds 
========================================================================
Received Import Request.
  Time since last request: 0.957141 seconds.
  path: Assets/StudioBillion/House Interior/Prefabs/Armchair2.prefab
  artifactKey: Guid(4735638ee3d69f94dad50fd611033d80) Importer(815301076,1909f56bfc062723c751e8b465ee728b)
Start importing Assets/StudioBillion/House Interior/Prefabs/Armchair2.prefab using Guid(4735638ee3d69f94dad50fd611033d80) Importer(815301076,1909f56bfc062723c751e8b465ee728b)  -> (artifact id: '80ec5957287a50592c2efa7f55295c39') in 0.013521 seconds 
========================================================================
Received Import Request.
  Time since last request: 0.953189 seconds.
  path: Assets/StudioBillion/House Interior/Prefabs/Basket.prefab
  artifactKey: Guid(520640125cd9288429b91901711781c5) Importer(815301076,1909f56bfc062723c751e8b465ee728b)
Start importing Assets/StudioBillion/House Interior/Prefabs/Basket.prefab using Guid(520640125cd9288429b91901711781c5) Importer(815301076,1909f56bfc062723c751e8b465ee728b)  -> (artifact id: '0597509c0830a16988a2a56ada3a4769') in 0.014633 seconds 
========================================================================
Received Import Request.
  Time since last request: 0.461180 seconds.
  path: Assets/StudioBillion/House Interior/Prefabs/Bath Carpet.prefab
  artifactKey: Guid(1d50da95a25cec546bc4074349969f46) Importer(815301076,1909f56bfc062723c751e8b465ee728b)
Start importing Assets/StudioBillion/House Interior/Prefabs/Bath Carpet.prefab using Guid(1d50da95a25cec546bc4074349969f46) Importer(815301076,1909f56bfc062723c751e8b465ee728b)  -> (artifact id: '6de017b2a421f1fd216d319fa7dab2dc') in 0.014250 seconds 
========================================================================
Received Import Request.
  Time since last request: 0.799597 seconds.
  path: Assets/StudioBillion/House Interior/Prefabs/Bath.prefab
  artifactKey: Guid(dd1310fff69f1cd46974882f047d74c8) Importer(815301076,1909f56bfc062723c751e8b465ee728b)
Start importing Assets/StudioBillion/House Interior/Prefabs/Bath.prefab using Guid(dd1310fff69f1cd46974882f047d74c8) Importer(815301076,1909f56bfc062723c751e8b465ee728b)  -> (artifact id: '3215a99ecae7af02bc3400023597a659') in 0.012831 seconds 
========================================================================
Received Import Request.
  Time since last request: 1.499010 seconds.
  path: Assets/StudioBillion/House Interior/Prefabs/Washer.prefab
  artifactKey: Guid(f0d11665f5b6e4e4f9262a51b4b2cd2a) Importer(815301076,1909f56bfc062723c751e8b465ee728b)
Start importing Assets/StudioBillion/House Interior/Prefabs/Washer.prefab using Guid(f0d11665f5b6e4e4f9262a51b4b2cd2a) Importer(815301076,1909f56bfc062723c751e8b465ee728b)  -> (artifact id: '7a8d4e5a9bbf759433ced3b75f903465') in 0.013307 seconds 
========================================================================
Received Import Request.
  Time since last request: 0.909085 seconds.
  path: Assets/StudioBillion/House Interior/Prefabs/Wardrobe.prefab
  artifactKey: Guid(349bf11d0a3e402469f2825045862a54) Importer(815301076,1909f56bfc062723c751e8b465ee728b)
Start importing Assets/StudioBillion/House Interior/Prefabs/Wardrobe.prefab using Guid(349bf11d0a3e402469f2825045862a54) Importer(815301076,1909f56bfc062723c751e8b465ee728b)  -> (artifact id: 'e020cb87c4b73e379cd9dfcf58ffd39b') in 0.011869 seconds 
========================================================================
Received Import Request.
  Time since last request: 0.763117 seconds.
  path: Assets/StudioBillion/House Interior/Prefabs/Vase.prefab
  artifactKey: Guid(419bf7a95ce43b847833705cfa58c35b) Importer(815301076,1909f56bfc062723c751e8b465ee728b)
Start importing Assets/StudioBillion/House Interior/Prefabs/Vase.prefab using Guid(419bf7a95ce43b847833705cfa58c35b) Importer(815301076,1909f56bfc062723c751e8b465ee728b)  -> (artifact id: '8a841b482581b4a84d255d1f430ca114') in 0.011909 seconds 
========================================================================
Received Import Request.
  Time since last request: 0.919583 seconds.
  path: Assets/StudioBillion/House Interior/Prefabs/Tv Unit.prefab
  artifactKey: Guid(01703f21ce284a1498b9b8bea9ac8103) Importer(815301076,1909f56bfc062723c751e8b465ee728b)
Start importing Assets/StudioBillion/House Interior/Prefabs/Tv Unit.prefab using Guid(01703f21ce284a1498b9b8bea9ac8103) Importer(815301076,1909f56bfc062723c751e8b465ee728b)  -> (artifact id: 'de909269e19ef06e6efec9e0293e5575') in 0.015540 seconds 
========================================================================
Received Import Request.
  Time since last request: 1.689884 seconds.
  path: Assets/StudioBillion/House Interior/Prefabs/Towel.prefab
  artifactKey: Guid(10a6bc1f9fa8e1545a0996baaa9c5040) Importer(815301076,1909f56bfc062723c751e8b465ee728b)
Start importing Assets/StudioBillion/House Interior/Prefabs/Towel.prefab using Guid(10a6bc1f9fa8e1545a0996baaa9c5040) Importer(815301076,1909f56bfc062723c751e8b465ee728b)  -> (artifact id: '56f4ff4b247d3ba2c5e997f1156f2b48') in 0.013461 seconds 
========================================================================
Received Import Request.
  Time since last request: 0.437422 seconds.
  path: Assets/StudioBillion/House Interior/Prefabs/Sofa.prefab
  artifactKey: Guid(7eb8f0ed299d70f429df582be35b81e5) Importer(815301076,1909f56bfc062723c751e8b465ee728b)
Start importing Assets/StudioBillion/House Interior/Prefabs/Sofa.prefab using Guid(7eb8f0ed299d70f429df582be35b81e5) Importer(815301076,1909f56bfc062723c751e8b465ee728b)  -> (artifact id: '9c337ca68c052d42d7be5f595d5ec26a') in 0.015734 seconds 
========================================================================
Received Import Request.
  Time since last request: 1.528287 seconds.
  path: Assets/StudioBillion/House Interior/Prefabs/Sink.prefab
  artifactKey: Guid(2b53442aaa1f7eb4ba66dfaf7f38a0b4) Importer(815301076,1909f56bfc062723c751e8b465ee728b)
Start importing Assets/StudioBillion/House Interior/Prefabs/Sink.prefab using Guid(2b53442aaa1f7eb4ba66dfaf7f38a0b4) Importer(815301076,1909f56bfc062723c751e8b465ee728b)  -> (artifact id: 'be70424cd00916bbea139aa348a88c46') in 0.017146 seconds 
========================================================================
Received Import Request.
  Time since last request: 1.160397 seconds.
  path: Assets/StudioBillion/House Interior/Prefabs/Pc Chair.prefab
  artifactKey: Guid(27b0bcb7fda86b3458767f6126a71381) Importer(815301076,1909f56bfc062723c751e8b465ee728b)
Start importing Assets/StudioBillion/House Interior/Prefabs/Pc Chair.prefab using Guid(27b0bcb7fda86b3458767f6126a71381) Importer(815301076,1909f56bfc062723c751e8b465ee728b)  -> (artifact id: 'a3b7273c3d60321cc9bba578000e99c7') in 0.010547 seconds 
========================================================================
Received Import Request.
  Time since last request: 2.056776 seconds.
  path: Assets/StudioBillion/House Interior/Prefabs/Pan.prefab
  artifactKey: Guid(b25277b7e28aa4446a996b11092272d7) Importer(815301076,1909f56bfc062723c751e8b465ee728b)
Start importing Assets/StudioBillion/House Interior/Prefabs/Pan.prefab using Guid(b25277b7e28aa4446a996b11092272d7) Importer(815301076,1909f56bfc062723c751e8b465ee728b)  -> (artifact id: '5e8bf80b91c9887a5ba9a3efa4ebdb63') in 0.014287 seconds 
========================================================================
Received Import Request.
  Time since last request: 0.683248 seconds.
  path: Assets/StudioBillion/House Interior/Prefabs/Painting.prefab
  artifactKey: Guid(9c16be079bb4ee343a5c695ee4a1a601) Importer(815301076,1909f56bfc062723c751e8b465ee728b)
Start importing Assets/StudioBillion/House Interior/Prefabs/Painting.prefab using Guid(9c16be079bb4ee343a5c695ee4a1a601) Importer(815301076,1909f56bfc062723c751e8b465ee728b)  -> (artifact id: '45129227f06ce2c283e89ab2d6f7cfd9') in 0.015258 seconds 
========================================================================
Received Import Request.
  Time since last request: 4.120807 seconds.
  path: Assets/StudioBillion/House Interior/Prefabs/Mirror.prefab
  artifactKey: Guid(73f7eae3185b5514b8bbc03107939a9b) Importer(815301076,1909f56bfc062723c751e8b465ee728b)
Start importing Assets/StudioBillion/House Interior/Prefabs/Mirror.prefab using Guid(73f7eae3185b5514b8bbc03107939a9b) Importer(815301076,1909f56bfc062723c751e8b465ee728b)  -> (artifact id: '3adf4b103ba2641e6bb70114afd58653') in 0.012269 seconds 
========================================================================
Received Import Request.
  Time since last request: 0.770113 seconds.
  path: Assets/StudioBillion/House Interior/Prefabs/Microwave.prefab
  artifactKey: Guid(97f0c639a9eb92b43a377663bfdbfd11) Importer(815301076,1909f56bfc062723c751e8b465ee728b)
Start importing Assets/StudioBillion/House Interior/Prefabs/Microwave.prefab using Guid(97f0c639a9eb92b43a377663bfdbfd11) Importer(815301076,1909f56bfc062723c751e8b465ee728b)  -> (artifact id: '9980d8066fcfd848829e70c94223ad3c') in 0.014997 seconds 
========================================================================
Received Import Request.
  Time since last request: 0.922328 seconds.
  path: Assets/StudioBillion/House Interior/Prefabs/Laptop.prefab
  artifactKey: Guid(a0b4083b5609b9746a81cb9b09eda7f9) Importer(815301076,1909f56bfc062723c751e8b465ee728b)
Start importing Assets/StudioBillion/House Interior/Prefabs/Laptop.prefab using Guid(a0b4083b5609b9746a81cb9b09eda7f9) Importer(815301076,1909f56bfc062723c751e8b465ee728b)  -> (artifact id: '6f6b19e8b8e493dde0231dc2bddfdf5d') in 0.013549 seconds 
========================================================================
Received Import Request.
  Time since last request: 0.566002 seconds.
  path: Assets/StudioBillion/House Interior/Prefabs/Lamp.prefab
  artifactKey: Guid(86f89f9c2c1237c4c8daaddf88ad499d) Importer(815301076,1909f56bfc062723c751e8b465ee728b)
Start importing Assets/StudioBillion/House Interior/Prefabs/Lamp.prefab using Guid(86f89f9c2c1237c4c8daaddf88ad499d) Importer(815301076,1909f56bfc062723c751e8b465ee728b)  -> (artifact id: '942116e322be11c8efe9651f98ffd152') in 0.012868 seconds 
========================================================================
Received Import Request.
  Time since last request: 0.628888 seconds.
  path: Assets/StudioBillion/House Interior/Prefabs/Kitchen.prefab
  artifactKey: Guid(3ef71c61a4b7a584ab19647cf6f6946e) Importer(815301076,1909f56bfc062723c751e8b465ee728b)
Start importing Assets/StudioBillion/House Interior/Prefabs/Kitchen.prefab using Guid(3ef71c61a4b7a584ab19647cf6f6946e) Importer(815301076,1909f56bfc062723c751e8b465ee728b)  -> (artifact id: 'c9c2eff873568a614441a5dc41772552') in 0.013395 seconds 
========================================================================
Received Import Request.
  Time since last request: 1.080871 seconds.
  path: Assets/StudioBillion/House Interior/Prefabs/Carpet1.prefab
  artifactKey: Guid(523873fc9002b974c8a0292076ec82af) Importer(815301076,1909f56bfc062723c751e8b465ee728b)
Start importing Assets/StudioBillion/House Interior/Prefabs/Carpet1.prefab using Guid(523873fc9002b974c8a0292076ec82af) Importer(815301076,1909f56bfc062723c751e8b465ee728b)  -> (artifact id: 'b49479e37a6cd85715ccc37d60723f80') in 0.012922 seconds 
========================================================================
Received Import Request.
  Time since last request: 0.522959 seconds.
  path: Assets/StudioBillion/House Interior/Prefabs/Carpet 002.prefab
  artifactKey: Guid(f1a5b02ce6c71e04dbe90426b072b4d3) Importer(815301076,1909f56bfc062723c751e8b465ee728b)
Start importing Assets/StudioBillion/House Interior/Prefabs/Carpet 002.prefab using Guid(f1a5b02ce6c71e04dbe90426b072b4d3) Importer(815301076,1909f56bfc062723c751e8b465ee728b)  -> (artifact id: '9f886c473304a9aae7c5251e1709591e') in 0.011306 seconds 
========================================================================
Received Import Request.
  Time since last request: 0.479853 seconds.
  path: Assets/StudioBillion/House Interior/Prefabs/Boxes.prefab
  artifactKey: Guid(567394f18115fcf47a3c73d9fc13bb21) Importer(815301076,1909f56bfc062723c751e8b465ee728b)
Start importing Assets/StudioBillion/House Interior/Prefabs/Boxes.prefab using Guid(567394f18115fcf47a3c73d9fc13bb21) Importer(815301076,1909f56bfc062723c751e8b465ee728b)  -> (artifact id: '61de897a2a687ef9fc31194b9a9dca5e') in 0.014998 seconds 
